-------------------------------------------------------------------------------
Test set: com.trainTruck.demo.TrainTruckApplicationTests
-------------------------------------------------------------------------------
<<<<<<< HEAD
<<<<<<< HEAD
Tests run: 1, Failures: 0, Errors: 0, Skipped: 0, Time elapsed: 8.261 s -- in com.trainTruck.demo.TrainTruckApplicationTests
=======
Tests run: 1, Failures: 0, Errors: 0, Skipped: 0, Time elapsed: 7.477 s -- in com.trainTruck.demo.TrainTruckApplicationTests
>>>>>>> parent of af454d6 (db)
=======
Tests run: 1, Failures: 0, Errors: 0, Skipped: 0, Time elapsed: 7.477 s -- in com.trainTruck.demo.TrainTruckApplicationTests
>>>>>>> parent of af454d6 (db)
